<++>-----------------------------------------------------------------------<++>
<++> mdgx: A molecular dynamics engine in the AMBER suite of programs      <++>
<++>                                                                       <++>
<++> Written by David S. Cerutti, Case Group (2009 - 2020)                 <++>
<++>-----------------------------------------------------------------------<++>

Run on Mon Mar 31 15:18:19 2025
<++>-----------------------------------------------------------------------<++>

INPUT LINE TEXT:

mdgx -i 2.4.FitParm.mdgx 


INPUT FILE TEXT:

&files
  -parm   ../1.GenTopology/POH.all.modify.frcmod
  -d      iter1/POH.dat
  -o      iter1/fit.out
&end

&param
  System  ../1.GenTopology/POH.prmtop  iter1/coords.cdf  iter1/energies.dat
  ParmOutput frcmod
  eunits    hartree,
  accrep    iter1/report.m
  verbose    1,

  % Angle fitting input
  %fita       C* C* HA
  %FitAnglEq  1,
  %arst       0.0002,
  %arstcpl    1.0,

  % Torsion fitting input
  fith       CA CA CD CC
  hrst       0.0002,
&end


<++>-----------------------------------------------------------------------<++>

<++>-----------------------------------------------------------------------<++>

(1.) Energies of each system, according to the fitted parameters.  Units on 
     errors are kcal/mol.  The original model's energies are compared to 
     target energies after applying an offset to make the average of each set 
     of energies for any given system equal (see Section 3).

                      RMS Error         Correlation    Fitted   Fitted   Model
      System        Orig    Fitted    Orig    Fitted   Terms    Energy   Diff.
 ----------------  -------  -------  -------  -------  ------  -------  -------
 ../1.GenTopology  13.1997   2.2940  -0.6000   0.9757       2     0.00   12.989
<++>-----------------------------------------------------------------------<++>

<++>-----------------------------------------------------------------------<++>

(2.) Parameter sampling.  Bonds and angles are binned over 18 intervals based 
     on deviations, positive or negative, from the ideal bond length.  Each 
     interval represents 0.028 Angstrom or 0.023 radian deviation for bonds or 
     angles, respectively.  Dihedrals and impropers are binned at 10-degree 
     intervals, ranging from zero to 180 (the range of the arccosine 
     function).

 Sampling histogram key:  (zero)   . : = e o U O 0 @ X ( > ten)

 Torsion term sampling:
                              Bins in Radians 
  Term  Amber Types   Count  -PI     +0      PI   Fitted  Original
  ----  -----------  ------- ------------------  -------- --------
  DIHE  CA CA CD CC     2848   XXXXX    XXXXX        4.84     0.00
  DIHE  CA CA CD CC     2848   XXXXX    XXXXX        6.63     0.00

<++>-----------------------------------------------------------------------<++>

<++>-----------------------------------------------------------------------<++>

(3.) Warnings concerning parameter sampling and the fitted values of new 
     parameters.

  - All parameters pass basic sanity checks.

<++>-----------------------------------------------------------------------<++>

<++>-----------------------------------------------------------------------<++>

(4.) Energy adjustment constants.  These constants are included to bring the 
     overall energy of quantum mechanical and molecular mechanical 
     calculations into general agreement so that the fitted parameters can 
     address the energy differences between multiple states of each system. 
     Gross differences between quantum and molecular mechanics are first 
     eliminated by subtracting off the average energy of all states for each 
     system; these parameters are then included to "mop up."

      System      Adjustment
 ---------------- ----------
 ../1.GenTopology  -115.6633    

<++>-----------------------------------------------------------------------<++>

<++>-----------------------------------------------------------------------<++>

(5.) Fitting matrix analysis.  This is a check against features of the fitting 
     set that might create a poorly conditioned matrix.

 - No columns with zero data detected
 - No correlated columns detected
<++>-----------------------------------------------------------------------<++>

<++>-----------------------------------------------------------------------<++>

(6.) Energy contributions of each fitted parameter.  All parameters that 
     contribute to each system are printed, this time with respect to the 
     amount of energy that they contribute to the molecular mechanical 
     system.

 System: ../1.GenTopology/POH.prmtop
                      Energy    Std. Dev.
   DIHE CA CA CD CC    86.0855    18.6403
   DIHE CA CA CD CC    29.5778     5.8490


<++>-----------------------------------------------------------------------<++>

<++>-----------------------------------------------------------------------<++>

(7.) Context of each parameter.  Instances of each parameter found in the 
     fitting conformations are enumerated below.

 [ Parameter ] [ Atom types ]                   Sampling Histogram
  Residue (Atom Names)                   Count  MIN     +0     MAX  Warnings
 --------------------------------------- -----  ------------------  --------
 DIHE CA CA CD CC
  POH (C4   C3   C11  C8  )                178    XXXXX    XXXXX  
  POH (C4   C3   C11  C12 )                178    XXXXX    XXXXX  
  POH (C10  C3   C11  C12 )                178    XXXXX    XXXXX  
  POH (C8   C11  C3   C10 )                178    XXXXX    XXXXX  
  POH (C16  C15  C22  C20 )                178    XXXXX    XXXXX  
  POH (C16  C15  C22  C23 )                178    XXXXX    XXXXX  
  POH (C21  C15  C22  C23 )                178    XXXXX    XXXXX  
  POH (C20  C22  C15  C21 )                178    XXXXX    XXXXX  
  POH (C27  C26  C33  C31 )                178    XXXXX    XXXXX  
  POH (C27  C26  C33  C34 )                178    XXXXX    XXXXX  
  POH (C32  C26  C33  C34 )                178    XXXXX    XXXXX  
  POH (C31  C33  C26  C32 )                178    XXXXX    XXXXX  
  POH (C38  C37  C44  C42 )                178    XXXXX    XXXXX  
  POH (C9   C44  C37  C38 )                178    XXXXX    XXXXX  
  POH (C9   C44  C37  C43 )                178    XXXXX    XXXXX  
  POH (C42  C44  C37  C43 )                178    XXXXX    XXXXX  
 DIHE CA CA CD CC
  POH (C4   C3   C11  C8  )                178    XXXXX    XXXXX  
  POH (C4   C3   C11  C12 )                178    XXXXX    XXXXX  
  POH (C10  C3   C11  C12 )                178    XXXXX    XXXXX  
  POH (C8   C11  C3   C10 )                178    XXXXX    XXXXX  
  POH (C16  C15  C22  C20 )                178    XXXXX    XXXXX  
  POH (C16  C15  C22  C23 )                178    XXXXX    XXXXX  
  POH (C21  C15  C22  C23 )                178    XXXXX    XXXXX  
  POH (C20  C22  C15  C21 )                178    XXXXX    XXXXX  
  POH (C27  C26  C33  C31 )                178    XXXXX    XXXXX  
  POH (C27  C26  C33  C34 )                178    XXXXX    XXXXX  
  POH (C32  C26  C33  C34 )                178    XXXXX    XXXXX  
  POH (C31  C33  C26  C32 )                178    XXXXX    XXXXX  
  POH (C38  C37  C44  C42 )                178    XXXXX    XXXXX  
  POH (C9   C44  C37  C38 )                178    XXXXX    XXXXX  
  POH (C9   C44  C37  C43 )                178    XXXXX    XXXXX  
  POH (C42  C44  C37  C43 )                178    XXXXX    XXXXX  
<++>-----------------------------------------------------------------------<++>

