
 -----------------------------------------------
      Restrained ESP Fit 2.3  Amber 4.1
 -----------------------------------------------
 Resp charges for organic molecule                                               
 -----------------------------------------------


 inopt       =     0   ioutopt     =     1
 nmol        =     1   iqopt       =     0
 ihfree      =     1   irstrnt     =     1
 iunits      =     0   qwt         =   0.00050000
 wtmol(1) =     1.000000
 subtitle:

Resp charges for organic molecule                                               
ich =   1  iuniq =  43
    1    6    0
    2    6    0
    3    6    0
    4    6    0
    5    6    0
    6    6    0
    7    6    0
    8    6    0
    9    8    0
   10    6    0
   11    6    0
   12    7    0
   13    6    0
   14    6    0
   15    6    0
   16    8    0
   17    6    0
   18    8    0
   19    6    0
   20    6    0
   21    6    0
   22    6    0
   23    6    0
   24    8    0
   25    6    0
   26    1    0
   27    1    0
   28    1    0
   29    1    0
   30    1    0
   31    1    0
   32    1    0
   33    1    0
   34    1    0
   35    1    0
   36    1    0
   37    1    0
   38    1    0
   39    1    0
   40    1    0
   41    1    0
   42    1    0
   43    1    0

  ----------------------------------------------------------------------------
     ATOM                       COORDINATES                         CHARGE
                       X             Y                Z
  ----------------------------------------------------------------------------
  ----------------------------------------------------------------------------


 Charge on the molecule(ich) =    1
 Total number of atoms (iuniq)     =   43
 Weight factor on initial charge restraints(qwt)=     0.50000D-03


  there are  1 charge constraints:


     1       1
     2       1
     3       1
     4       1
     5       1
     6       1
     7       1
     8       1
     9       1
    10       1
    11       1
    12       1
    13       1
    14       1
    15       1
    16       1
    17       1
    18       1
    19       1
    20       1
    21       1
    22       1
    23       1
    24       1
    25       1
    26       1
    27       1
    28       1
    29       1
    30       1
    31       1
    32       1
    33       1
    34       1
    35       1
    36       1
    37       1
    38       1
    39       1
    40       1
    41       1
    42       1
    43       1

 Reading esp"s for molecule   1
 total number of atoms      =    43
 total number of esp points = 10658


 center     X       Y       Z 
    1  -0.1266717E+01  -0.1912949E+01   0.3056688E+00
    2   0.2940504E+01   0.2799705E+00  -0.1018732E+00
    3   0.4209210E+01   0.2574230E+01   0.2898518E+00
    4  -0.5414774E+01  -0.4070156E+01   0.7208246E+00
    5  -0.9173097E+01  -0.1626179E+01   0.1842370E+00
    6   0.2672152E+01   0.4961821E+01   0.5158196E+00
    7   0.3841945E+00   0.4793160E+01  -0.1210394E+01
    8   0.8240504E+01   0.3825675E+00   0.2427863E+00
    9   0.1080562E+02   0.2276874E+00   0.3793455E+00
   10   0.1219366E+02   0.2511191E+01   0.8125765E+00
   11   0.6847184E+01   0.2603330E+01   0.4638767E+00
   12  -0.1116613E+01   0.2482749E+01  -0.6254143E+00
   13  -0.3629978E+01   0.2625430E+01  -0.6654141E+00
   14  -0.5143668E+01   0.5012385E+00  -0.2392469E+00
   15  -0.7797794E+01   0.5340800E+00  -0.2596540E+00
   16  -0.9358492E+01   0.2538278E+01  -0.7156468E+00
   17  -0.1189873E+02   0.1591480E+01  -0.3369873E+00
   18  -0.1171335E+02  -0.1101442E+01   0.2603853E-01
   19  -0.8035895E+01  -0.3961017E+01   0.6785760E+00
   20  -0.3935657E+01  -0.1889469E+01   0.2660923E+00
   21   0.1624635E+00   0.2207880E+00  -0.1490597E+00
   22   0.4350937E+01  -0.1971939E+01  -0.3606504E+00
   23   0.6964691E+01  -0.1938899E+01  -0.1918847E+00
   24   0.8492827E+01  -0.4009793E+01  -0.4357444E+00
   25   0.7313238E+01  -0.6394918E+01  -0.9113714E+00
   26  -0.3163212E+00  -0.3671320E+01   0.7468065E+00
   27  -0.4467891E+01  -0.5847449E+01   0.1104653E+01
   28   0.2055268E+01   0.5268792E+01   0.2473967E+01
   29   0.3787561E+01   0.6611569E+01  -0.3905308E-01
   30  -0.8700317E+00   0.6411030E+01  -0.9967473E+00
   31   0.9687926E+00   0.4649435E+01  -0.3189009E+01
   32   0.1166559E+02   0.3371398E+01   0.2619929E+01
   33   0.1417660E+02   0.1950235E+01   0.8653244E+00
   34   0.1189508E+02   0.3866805E+01  -0.7230035E+00
   35   0.7798920E+01   0.4391411E+01   0.7675708E+00
   36  -0.4442596E+01   0.4463795E+01  -0.1051895E+01
   37  -0.1269979E+02   0.2466618E+01   0.1355723E+01
   38  -0.1302413E+02   0.1986017E+01  -0.2019250E+01
   39  -0.9181517E+01  -0.5626266E+01   0.1018099E+01
   40   0.3393710E+01  -0.3739978E+01  -0.7329416E+00
   41   0.8852894E+01  -0.7760999E+01  -0.1033346E+01
   42   0.6039430E+01  -0.6921658E+01   0.6343168E+00
   43   0.6266299E+01  -0.6368819E+01  -0.2698259E+01
 Initial ssvpot =    96.384


 Number of unique UNfrozen centers=   43

 Non-linear optimization requested.
 qchnge =    0.3233627181E-01
 qchnge =    0.3243839823E-02
 qchnge =    0.8290007092E-03
 qchnge =    0.2416320819E-03
 qchnge =    0.7193274851E-04
 qchnge =    0.2152344811E-04
 qchnge =    0.6449299864E-05
 qchnge =    0.1933283057E-05
 qchnge =    0.5796079643E-06

 Convergence in    8 iterations


Resp charges for organic molecule                                               

          Point Charges Before & After Optimization

    no.  At.no.    q(init)       q(opt)     ivary    d(rstr)/dq
    1   6       0.000000      -0.244304      0       0.001894
    2   6       0.000000      -0.206511      0       0.002179
    3   6       0.000000       0.078831      0       0.003927
    4   6       0.000000      -0.202312      0       0.002216
    5   6       0.000000       0.302927      0       0.001567
    6   6       0.000000      -0.008996      0       0.004980
    7   6       0.000000      -0.092156      0       0.003677
    8   6       0.000000       0.284328      0       0.001659
    9   8       0.000000      -0.349720      0       0.001375
   10   6       0.000000      -0.016771      0       0.004931
   11   6       0.000000      -0.325332      0       0.001469
   12   7       0.000000       0.093415      0       0.003654
   13   6       0.000000       0.024255      0       0.004859
   14   6       0.000000      -0.126766      0       0.003097
   15   6       0.000000       0.259894      0       0.001796
   16   8       0.000000      -0.362741      0       0.001329
   17   6       0.000000       0.316763      0       0.001505
   18   8       0.000000      -0.389195      0       0.001244
   19   6       0.000000      -0.263185      0       0.001776
   20   6       0.000000       0.123472      0       0.003147
   21   6       0.000000       0.242587      0       0.001906
   22   6       0.000000      -0.203768      0       0.002203
   23   6       0.000000       0.206953      0       0.002175
   24   8       0.000000      -0.357094      0       0.001348
   25   6       0.000000      -0.007325      0       0.004987
   26   1       0.000000       0.193268      0       0.000000
   27   1       0.000000       0.189310      0       0.000000
   28   1       0.000000       0.058350      0       0.000000
   29   1       0.000000       0.082959      0       0.000000
   30   1       0.000000       0.118745      0       0.000000
   31   1       0.000000       0.112202      0       0.000000
   32   1       0.000000       0.084261      0       0.000000
   33   1       0.000000       0.099969      0       0.000000
   34   1       0.000000       0.088080      0       0.000000
   35   1       0.000000       0.178323      0       0.000000
   36   1       0.000000       0.185904      0       0.000000
   37   1       0.000000       0.083884      0       0.000000
   38   1       0.000000       0.099677      0       0.000000
   39   1       0.000000       0.220909      0       0.000000
   40   1       0.000000       0.168073      0       0.000000
   41   1       0.000000       0.097112      0       0.000000
   42   1       0.000000       0.081341      0       0.000000
   43   1       0.000000       0.080379      0       0.000000

 Sum over the calculated charges:      1.000

        Statistics of the fitting:
  The initial sum of squares (ssvpot)                     96.384
  The residual sum of squares (chipot)                     0.026
  The std err of estimate (sqrt(chipot/N))               0.00156
  ESP relative RMS (SQRT(chipot/ssvpot))                 0.01643

 Center of Mass (Angst.):

 X  =   0.00000      Y  =   0.00000      Z  =   0.00000

 Dipole (Debye):

 X  =  -5.70327      Y  =   4.52849      Z  =  -0.62296

 Dipole Moment (Debye)=   7.30908

 Quadrupole (Debye*Angst.):

 Qxx =  68.88559     QYY =  30.63468     QZZ = -99.52027
 Qxy = -95.08271     QXZ =-109.39090     QYZ =-120.03985
