backboneAngle.py   (    )
category.py        (    )
config.py          (    )
enmBuilder.py      (    )
fluctMatch.py      (    )
graphBigtraj.py    (    ) 
graph.py           (    ) 
makeDataframe.py   (    )
mda.py             (    )
multiWindows.py    (    )
opt.py             (    )
pairtype.py        (    )
plotAgent.py       (    )
trajTransfer.py    (    ) 

其他：
summary/d.fluctmatch/fig5.26,27.ks_corrplot_top6.ipynb (add ) 以top6的kaiaj計算的kst
summary/d.fluctmatch/tab5.71.hotspot_st_top6.ipynb     (edit) 儲存summary/d.fluctmatch/data/st_avg_top6.csv以利fig5.26,27.ks_corrplot_top6.ipynb的計算
summary/d.fluctmatch/figA.1-3.stackplot_bm_v2.ipynb    (add ) 修正繪圖細節 (如:xticks, fontsize)
summary/d.fluctmatch/figA.4-6.stackplot_hb_v2.ipynb    (add ) 修正繪圖細節
summary/d.fluctmatch/figA.7-9.stackplot_st_v2.ipynb    (add ) 修正繪圖細節
