
 -----------------------------------------------
      Restrained ESP Fit 2.3  Amber 4.1
 -----------------------------------------------
 Resp charges for organic molecule                                               
 -----------------------------------------------


 inopt       =     0   ioutopt     =     1
 nmol        =     1   iqopt       =     0
 ihfree      =     1   irstrnt     =     1
 iunits      =     0   qwt         =   0.00050000
 wtmol(1) =     1.000000
 subtitle:

Resp charges for organic molecule                                               
ich =   4  iuniq =  90
    1    6    0
    2    6    0
    3    6    0
    4    6    0
    5    6    1
    6    6    0
    7    6    2
    8    6    0
    9    6    8
   10    6    4
   11    7    0
   12    7    0
   13    7    0
   14    7   12
   15    7   13
   16    6    0
   17    6    0
   18    6    1
   19    6    0
   20    6    3
   21    6    4
   22    6    1
   23    6    0
   24    6   19
   25    6   17
   26    6    4
   27    7   11
   28    6   16
   29    6    8
   30    6    1
   31    6    2
   32    6    3
   33    6    4
   34    6    1
   35    6    0
   36    6    2
   37    6    8
   38    6    4
   39    7   11
   40    6   16
   41    6   17
   42    6    1
   43    6   19
   44    6    3
   45    6    4
   46    6    1
   47    6    0
   48    6   19
   49    6   17
   50    6    4
   51    6   16
   52    7   11
   53    1    0
   54    1    0
   55    1    0
   56    1   53
   57    1    0
   58    1    0
   59    1    0
   60    1   54
   61    1   55
   62    1    0
   63    1   62
   64    1   53
   65    1    0
   66    1   55
   67    1   53
   68    1    0
   69    1    0
   70    1    0
   71    1   65
   72    1   55
   73    1   53
   74    1   54
   75    1   55
   76    1   53
   77    1    0
   78    1    0
   79    1    0
   80    1   54
   81    1   55
   82    1   53
   83    1   65
   84    1   55
   85    1   53
   86    1    0
   87    1    0
   88    1    0
   89    1   65
   90    1   55

  ----------------------------------------------------------------------------
     ATOM                       COORDINATES                         CHARGE
                       X             Y                Z
  ----------------------------------------------------------------------------
  ----------------------------------------------------------------------------


 Charge on the molecule(ich) =    4
 Total number of atoms (iuniq)     =   90
 Weight factor on initial charge restraints(qwt)=     0.50000D-03


  there are  1 charge constraints:


     1       1
     2       1
     3       1
     4       1
     5       1
     6       1
     7       1
     8       1
     9       1
    10       1
    11       1
    12       1
    13       1
    14       1
    15       1
    16       1
    17       1
    18       1
    19       1
    20       1
    21       1
    22       1
    23       1
    24       1
    25       1
    26       1
    27       1
    28       1
    29       1
    30       1
    31       1
    32       1
    33       1
    34       1
    35       1
    36       1
    37       1
    38       1
    39       1
    40       1
    41       1
    42       1
    43       1
    44       1
    45       1
    46       1
    47       1
    48       1
    49       1
    50       1
    51       1
    52       1
    53       1
    54       1
    55       1
    56       1
    57       1
    58       1
    59       1
    60       1
    61       1
    62       1
    63       1
    64       1
    65       1
    66       1
    67       1
    68       1
    69       1
    70       1
    71       1
    72       1
    73       1
    74       1
    75       1
    76       1
    77       1
    78       1
    79       1
    80       1
    81       1
    82       1
    83       1
    84       1
    85       1
    86       1
    87       1
    88       1
    89       1
    90       1

 Reading esp"s for molecule   1
 total number of atoms      =    90
 total number of esp points = 19833


 center     X       Y       Z 
    1  -0.6782068E+01   0.1151604E+02   0.2163957E+01
    2   0.2785783E+01   0.7637018E+01   0.1074782E+00
    3  -0.5294717E+01   0.7735140E+01   0.9234335E-01
    4  -0.6879769E+01   0.8343594E+01  -0.1945110E+01
    5  -0.8346731E+01   0.1050012E+02  -0.1864404E+01
    6  -0.9830988E+01   0.1438161E+02   0.1670839E+00
    7   0.2499163E+00   0.8138613E+01   0.1153848E+00
    8  -0.1075037E+01   0.5774921E+01   0.8842595E-01
    9   0.3115410E+01   0.4946486E+01   0.4383975E-01
   10  -0.5271871E+01   0.9385511E+01   0.2167240E+01
   11  -0.8290857E+01   0.1204723E+02   0.1703097E+00
   12   0.7323557E+00   0.3905814E+01   0.4740756E-01
   13  -0.3798875E+01   0.7462320E+00  -0.1417295E+00
   14  -0.7336710E+00  -0.3920170E+01  -0.5166322E-01
   15   0.3798361E+01  -0.7573682E+00   0.1223805E+00
   16  -0.3703755E+01   0.5407039E+01   0.4602239E-01
   17  -0.4955827E+01   0.3052641E+01  -0.3443270E-01
   18  -0.1053173E+02  -0.8180792E+01   0.2014731E+01
   19  -0.7696264E+01   0.2780535E+01   0.1060250E+00
   20  -0.7759306E+01  -0.5208555E+01  -0.4913288E-01
   21  -0.9438463E+01  -0.5209691E+01  -0.2100149E+01
   22  -0.1158713E+02  -0.6692839E+01  -0.2033094E+01
   23  -0.1445785E+02  -0.9662407E+01   0.7591785E-01
   24  -0.8170408E+01   0.2663059E+00   0.7001624E-01
   25  -0.5716790E+01  -0.9822720E+00  -0.9044795E-01
   26  -0.8356056E+01  -0.6739693E+01   0.2031644E+01
   27  -0.1210655E+02  -0.8150687E+01   0.1199976E-02
   28  -0.5417480E+01  -0.3632628E+01  -0.7573455E-01
   29  -0.3117908E+01  -0.4959395E+01  -0.5149314E-01
   30   0.6743073E+01  -0.1160759E+02  -0.1965222E+01
   31  -0.2789290E+01  -0.7650769E+01  -0.6474012E-01
   32   0.5296121E+01  -0.7746684E+01  -0.1447341E-01
   33   0.6909825E+01  -0.8284379E+01   0.2020907E+01
   34   0.8365834E+01  -0.1044989E+02   0.2001573E+01
   35   0.9912408E+01  -0.1433899E+02   0.2640514E-01
   36  -0.2539489E+00  -0.8153503E+01  -0.4184987E-01
   37   0.1072801E+01  -0.5790425E+01  -0.5070324E-01
   38   0.5243806E+01  -0.9470742E+01  -0.2028872E+01
   39   0.8268991E+01  -0.1207651E+02   0.3171527E-01
   40   0.3701975E+01  -0.5421511E+01  -0.1755933E-01
   41   0.4952849E+01  -0.3064652E+01   0.1648597E-01
   42   0.1047416E+02   0.8199929E+01  -0.2134805E+01
   43   0.7690298E+01  -0.2794706E+01  -0.1769124E+00
   44   0.7755587E+01   0.5198742E+01  -0.3939890E-01
   45   0.9499900E+01   0.5157438E+01   0.1957339E+01
   46   0.1165262E+02   0.6630680E+01   0.1847379E+01
   47   0.1439770E+02   0.9737486E+01  -0.2175736E+00
   48   0.8165491E+01  -0.2804958E+00  -0.1731367E+00
   49   0.5715850E+01   0.9704348E+00   0.2759567E-01
   50   0.8290925E+01   0.6769418E+01  -0.2107360E+01
   51   0.5416858E+01   0.3621065E+01   0.2384456E-01
   52   0.1211794E+02   0.8118537E+01  -0.1792065E+00
   53  -0.6843488E+01   0.1282969E+02   0.3731600E+01
   54   0.4297707E+01   0.9006544E+01   0.1523119E+00
   55  -0.6967405E+01   0.7152082E+01  -0.3607612E+01
   56  -0.9584622E+01   0.1105540E+02  -0.3395104E+01
   57  -0.8766960E+01   0.1588641E+02  -0.7611703E+00
   58  -0.1158128E+02   0.1401873E+02  -0.8546853E+00
   59  -0.1024372E+02   0.1490456E+02   0.2113821E+01
   60  -0.6277027E+00   0.9980639E+01   0.1302739E+00
   61  -0.4108852E+01   0.9006187E+01   0.3809007E+01
   62   0.3446822E+00   0.2026697E+01   0.9059346E-02
   63  -0.3453229E+00  -0.2040828E+01  -0.3973905E-01
   64  -0.1108131E+02  -0.9376195E+01   0.3581027E+01
   65  -0.9059110E+01   0.4293301E+01   0.2618385E+00
   66  -0.9070594E+01  -0.4081130E+01  -0.3768359E+01
   67  -0.1292672E+02  -0.6769448E+01  -0.3577920E+01
   68  -0.1592582E+02  -0.8572528E+01   0.1032722E+01
   69  -0.1503511E+02  -0.1008554E+02  -0.1853092E+01
   70  -0.1408975E+02  -0.1140807E+02   0.1103670E+01
   71  -0.9991182E+01  -0.6504872E+00   0.1881260E+00
   72  -0.7142412E+01  -0.6804140E+01   0.3679330E+01
   73   0.6778096E+01  -0.1297953E+02  -0.3483300E+01
   74  -0.4300226E+01  -0.9021777E+01  -0.9400253E-01
   75   0.7018110E+01  -0.7036844E+01   0.3640536E+01
   76   0.9621854E+01  -0.1095176E+02   0.3535653E+01
   77   0.1172557E+02  -0.1385017E+02  -0.8293497E+00
   78   0.1019163E+02  -0.1496044E+02   0.1968907E+01
   79   0.8993278E+01  -0.1582232E+02  -0.1064891E+01
   80   0.6214175E+00  -0.9996276E+01  -0.1419940E-01
   81   0.4055959E+01  -0.9150683E+01  -0.3665449E+01
   82   0.1097521E+02   0.9422448E+01  -0.3695954E+01
   83   0.9048034E+01  -0.4310397E+01  -0.3486733E+00
   84   0.9184407E+01   0.3994286E+01   0.3612402E+01
   85   0.1304193E+02   0.6673439E+01   0.3349371E+01
   86   0.1395167E+02   0.1154500E+02   0.6728917E+00
   87   0.1590048E+02   0.8790134E+01   0.8223540E+00
   88   0.1496835E+02   0.1003391E+02  -0.2172807E+01
   89   0.9983657E+01   0.6341712E+00  -0.3374522E+00
   90   0.7029801E+01   0.6864250E+01  -0.3717467E+01
 Initial ssvpot =  1463.609


 Number of unique UNfrozen centers=   32

 Non-linear optimization requested.
 qchnge =    0.2522826737E-01
 qchnge =    0.3020033347E-02
 qchnge =    0.6390245299E-03
 qchnge =    0.1582728639E-03
 qchnge =    0.4052862154E-04
 qchnge =    0.1047701215E-04
 qchnge =    0.2718653028E-05
 qchnge =    0.7070085271E-06

 Convergence in    7 iterations


Resp charges for organic molecule                                               

          Point Charges Before & After Optimization

    no.  At.no.    q(init)       q(opt)     ivary    d(rstr)/dq
    1   6       0.000000      -0.035380      0       0.004714
    2   6       0.000000      -0.210031      0       0.002149
    3   6       0.000000       0.246385      0       0.001880
    4   6       0.000000      -0.180697      0       0.002421
    5   6       0.000000      -0.035380      1       0.004714
    6   6       0.000000      -0.360912      0       0.001335
    7   6       0.000000      -0.210031      2       0.002149
    8   6       0.000000       0.177576      0       0.002453
    9   6       0.000000       0.177576      8       0.002453
   10   6       0.000000      -0.180697      4       0.002421
   11   7       0.000000       0.240766      0       0.001918
   12   7       0.000000      -0.137598      0       0.002939
   13   7       0.000000      -0.442690      0       0.001102
   14   7       0.000000      -0.137598     12       0.002939
   15   7       0.000000      -0.442690     13       0.001102
   16   6       0.000000      -0.187814      0       0.002350
   17   6       0.000000       0.297553      0       0.001593
   18   6       0.000000      -0.035380      1       0.004714
   19   6       0.000000      -0.250098      0       0.001856
   20   6       0.000000       0.246385      3       0.001880
   21   6       0.000000      -0.180697      4       0.002421
   22   6       0.000000      -0.035380      1       0.004714
   23   6       0.000000      -0.357167      0       0.001348
   24   6       0.000000      -0.250098     19       0.001856
   25   6       0.000000       0.297553     17       0.001593
   26   6       0.000000      -0.180697      4       0.002421
   27   7       0.000000       0.240766     11       0.001918
   28   6       0.000000      -0.187814     16       0.002350
   29   6       0.000000       0.177576      8       0.002453
   30   6       0.000000      -0.035380      1       0.004714
   31   6       0.000000      -0.210031      2       0.002149
   32   6       0.000000       0.246385      3       0.001880
   33   6       0.000000      -0.180697      4       0.002421
   34   6       0.000000      -0.035380      1       0.004714
   35   6       0.000000      -0.369076      0       0.001308
   36   6       0.000000      -0.210031      2       0.002149
   37   6       0.000000       0.177576      8       0.002453
   38   6       0.000000      -0.180697      4       0.002421
   39   7       0.000000       0.240766     11       0.001918
   40   6       0.000000      -0.187814     16       0.002350
   41   6       0.000000       0.297553     17       0.001593
   42   6       0.000000      -0.035380      1       0.004714
   43   6       0.000000      -0.250098     19       0.001856
   44   6       0.000000       0.246385      3       0.001880
   45   6       0.000000      -0.180697      4       0.002421
   46   6       0.000000      -0.035380      1       0.004714
   47   6       0.000000      -0.363870      0       0.001325
   48   6       0.000000      -0.250098     19       0.001856
   49   6       0.000000       0.297553     17       0.001593
   50   6       0.000000      -0.180697      4       0.002421
   51   6       0.000000      -0.187814     16       0.002350
   52   7       0.000000       0.240766     11       0.001918
   53   1       0.000000       0.203830      0       0.000000
   54   1       0.000000       0.191829      0       0.000000
   55   1       0.000000       0.187052      0       0.000000
   56   1       0.000000       0.203830     53       0.000000
   57   1       0.000000       0.177984      0       0.000000
   58   1       0.000000       0.175192      0       0.000000
   59   1       0.000000       0.175705      0       0.000000
   60   1       0.000000       0.191829     54       0.000000
   61   1       0.000000       0.187052     55       0.000000
   62   1       0.000000       0.167757      0       0.000000
   63   1       0.000000       0.167757     62       0.000000
   64   1       0.000000       0.203830     53       0.000000
   65   1       0.000000       0.182715      0       0.000000
   66   1       0.000000       0.187052     55       0.000000
   67   1       0.000000       0.203830     53       0.000000
   68   1       0.000000       0.177046      0       0.000000
   69   1       0.000000       0.174776      0       0.000000
   70   1       0.000000       0.174169      0       0.000000
   71   1       0.000000       0.182715     65       0.000000
   72   1       0.000000       0.187052     55       0.000000
   73   1       0.000000       0.203830     53       0.000000
   74   1       0.000000       0.191829     54       0.000000
   75   1       0.000000       0.187052     55       0.000000
   76   1       0.000000       0.203830     53       0.000000
   77   1       0.000000       0.180492      0       0.000000
   78   1       0.000000       0.177165      0       0.000000
   79   1       0.000000       0.177940      0       0.000000
   80   1       0.000000       0.191829     54       0.000000
   81   1       0.000000       0.187052     55       0.000000
   82   1       0.000000       0.203830     53       0.000000
   83   1       0.000000       0.182715     65       0.000000
   84   1       0.000000       0.187052     55       0.000000
   85   1       0.000000       0.203830     53       0.000000
   86   1       0.000000       0.178933      0       0.000000
   87   1       0.000000       0.175978      0       0.000000
   88   1       0.000000       0.176748      0       0.000000
   89   1       0.000000       0.182715     65       0.000000
   90   1       0.000000       0.187052     55       0.000000

 Sum over the calculated charges:      4.000

        Statistics of the fitting:
  The initial sum of squares (ssvpot)                   1463.609
  The residual sum of squares (chipot)                     0.018
  The std err of estimate (sqrt(chipot/N))               0.00096
  ESP relative RMS (SQRT(chipot/ssvpot))                 0.00355

 Center of Mass (Angst.):

 X  =   0.00000      Y  =   0.00000      Z  =   0.00000

 Dipole (Debye):

 X  =  -0.05588      Y  =   0.06337      Z  =   0.04588

 Dipole Moment (Debye)=   0.09614

 Quadrupole (Debye*Angst.):

 Qxx = 525.62837     QYY = 541.25011     QZZ =**********
 Qxy =**********     QXZ =**********     QYZ =**********
